<?xml version="1.0" encoding="UTF-8"?>
<!-- Generated by org.testng.reporters.JUnitReportReporter -->
<testsuite hostname="DESKTOP-GVUJU0T" failures="0" tests="1" name="AutoCompleteExam.AutoCompleteExample" time="5.230" errors="0" timestamp="2024-06-10T23:31:14 IST" skipped="0">
  <testcase classname="AutoCompleteExam.AutoCompleteExample" name="test1" time="5.230"/>
</testsuite> <!-- AutoCompleteExam.AutoCompleteExample -->
