<?xml version="1.0" encoding="UTF-8"?>
<!-- Generated by org.testng.reporters.JUnitReportReporter -->
<testsuite hostname="DESKTOP-GVUJU0T" failures="0" tests="1" name="datetimepick.datatimepickexam" time="14.580" errors="0" timestamp="2024-06-10T23:13:34 IST" skipped="0">
  <testcase classname="datetimepick.datatimepickexam" name="test1" time="14.580"/>
</testsuite> <!-- datetimepick.datatimepickexam -->
